0:0:0:0:0:0:0:1 - - [03/Apr/2016:10:00:29 +0100] "GET /profile HTTP/1.1" 200 101
0:0:0:0:0:0:0:1 - - [03/Apr/2016:10:00:30 +0100] "GET /profile HTTP/1.1" 200 101
0:0:0:0:0:0:0:1 - - [03/Apr/2016:10:00:36 +0100] "GET /helloWorld HTTP/1.1" 404 306
0:0:0:0:0:0:0:1 - - [03/Apr/2016:10:00:51 +0100] "GET /helloworld HTTP/1.1" 500 376
0:0:0:0:0:0:0:1 - - [03/Apr/2016:10:01:30 +0100] "GET /helloworld HTTP/1.1" 500 376
0:0:0:0:0:0:0:1 - - [03/Apr/2016:10:01:33 +0100] "GET /helloworld HTTP/1.1" 500 376
0:0:0:0:0:0:0:1 - - [03/Apr/2016:10:01:33 +0100] "GET /favicon.ico HTTP/1.1" 200 946
0:0:0:0:0:0:0:1 - - [03/Apr/2016:10:01:56 +0100] "GET /helloworld HTTP/1.1" 500 376
0:0:0:0:0:0:0:1 - - [03/Apr/2016:10:01:57 +0100] "GET /helloworld HTTP/1.1" 500 376
0:0:0:0:0:0:0:1 - - [03/Apr/2016:10:01:58 +0100] "GET /favicon.ico HTTP/1.1" 200 946
0:0:0:0:0:0:0:1 - - [03/Apr/2016:10:02:10 +0100] "GET /helloworld HTTP/1.1" 500 376
0:0:0:0:0:0:0:1 - - [03/Apr/2016:10:02:10 +0100] "GET /favicon.ico HTTP/1.1" 200 946
0:0:0:0:0:0:0:1 - - [03/Apr/2016:10:02:12 +0100] "GET /helloworld HTTP/1.1" 500 376
0:0:0:0:0:0:0:1 - - [03/Apr/2016:10:02:12 +0100] "GET /favicon.ico HTTP/1.1" 200 946
0:0:0:0:0:0:0:1 - - [03/Apr/2016:10:03:29 +0100] "GET /helloworld HTTP/1.1" 500 376
0:0:0:0:0:0:0:1 - - [03/Apr/2016:10:03:29 +0100] "GET /favicon.ico HTTP/1.1" 200 946
0:0:0:0:0:0:0:1 - - [03/Apr/2016:10:03:31 +0100] "GET /helloworld HTTP/1.1" 500 376
0:0:0:0:0:0:0:1 - - [03/Apr/2016:10:03:31 +0100] "GET /favicon.ico HTTP/1.1" 200 946
0:0:0:0:0:0:0:1 - - [03/Apr/2016:10:03:33 +0100] "GET /helloworld HTTP/1.1" 500 376
0:0:0:0:0:0:0:1 - - [03/Apr/2016:10:03:33 +0100] "GET /favicon.ico HTTP/1.1" 200 946
0:0:0:0:0:0:0:1 - - [03/Apr/2016:10:04:32 +0100] "GET /helloworld HTTP/1.1" 200 150
0:0:0:0:0:0:0:1 - - [03/Apr/2016:10:04:32 +0100] "GET /favicon.ico HTTP/1.1" 200 946
0:0:0:0:0:0:0:1 - - [03/Apr/2016:21:08:14 +0100] "GET /helloworld HTTP/1.1" 200 150
0:0:0:0:0:0:0:1 - - [03/Apr/2016:21:10:34 +0100] "GET /helloworld HTTP/1.1" 200 174
0:0:0:0:0:0:0:1 - - [03/Apr/2016:21:40:06 +0100] "GET /appointments/list HTTP/1.1" 500 449
0:0:0:0:0:0:0:1 - - [03/Apr/2016:21:40:25 +0100] "GET /appointments/list HTTP/1.1" 500 449
0:0:0:0:0:0:0:1 - - [03/Apr/2016:21:42:18 +0100] "GET /appointments/list HTTP/1.1" 200 307
